<?xml version="1.0" encoding="UTF-8"?>
<!-- Generated by org.testng.reporters.JUnitReportReporter -->
<testsuite hostname="DESKTOP-P7OJJ1J" failures="0" tests="1" name="testCases.TC01_LoginPageTest" time="5.613" errors="0" timestamp="2025-06-19T01:22:39 IST" skipped="0">
  <testcase classname="testCases.TC01_LoginPageTest" name="verify_login" time="5.613"/>
  <system-out/>
</testsuite> <!-- testCases.TC01_LoginPageTest -->
