<?xml version="1.0" encoding="UTF-8"?>
<!-- Generated by org.testng.reporters.JUnitReportReporter -->
<testsuite hostname="DESKTOP-P7OJJ1J" failures="0" tests="1" name="testCases.TC02_ForgotPasswordTest" time="3.030" errors="0" timestamp="2025-05-28T01:18:47 IST" skipped="0">
  <testcase classname="testCases.TC02_ForgotPasswordTest" name="verify_forgot_password" time="3.030"/>
  <system-out/>
</testsuite> <!-- testCases.TC02_ForgotPasswordTest -->
