<?xml version="1.0" encoding="UTF-8"?>
<!-- Generated by org.testng.reporters.JUnitReportReporter -->
<testsuite hostname="DESKTOP-P7OJJ1J" failures="0" tests="1" name="testCases.TC01_LoginPageTest" time="4.049" errors="0" timestamp="2025-06-19T01:47:09 IST" skipped="0">
  <testcase classname="testCases.TC01_LoginPageTest" name="verify_login" time="4.049"/>
</testsuite> <!-- testCases.TC01_LoginPageTest -->
